<?xml version="1.0" encoding="UTF-8"?>
<!-- Generated by org.testng.reporters.JUnitReportReporter -->
<testsuite skipped="0" hostname="akizilirmak" name="test.yardim.YeniTalepTürüEklemeTesti" tests="1" failures="0" timestamp="14 Eyl 2017 13:36:32 GMT" time="68.811" errors="0">
  <testcase name="test" time="68.811" classname="test.yardim.YeniTalepTürüEklemeTesti"/>
</testsuite> <!-- test.yardim.YeniTalepTürüEklemeTesti -->
