<?xml version="1.0" encoding="UTF-8"?>
<!-- Generated by org.testng.reporters.JUnitReportReporter -->
<testsuite skipped="0" hostname="akizilirmak" name="test.giris.GirisSayfasiTesti" tests="1" failures="0" timestamp="14 Eyl 2017 14:54:26 GMT" time="50.441" errors="0">
  <testcase name="test" time="50.441" classname="test.giris.GirisSayfasiTesti"/>
</testsuite> <!-- test.giris.GirisSayfasiTesti -->
