<?xml version="1.0" encoding="UTF-8"?>
<!-- Generated by org.testng.reporters.JUnitReportReporter -->
<testsuite skipped="0" hostname="yesil-dell" name="test.talep.YeniTalepOnceligiTesti" tests="1" failures="0" timestamp="12 Eyl 2017 11:59:38 GMT" time="60.210" errors="0">
  <testcase name="test" time="60.210" classname="test.talep.YeniTalepOnceligiTesti"/>
</testsuite> <!-- test.talep.YeniTalepOnceligiTesti -->
