<?xml version="1.0" encoding="UTF-8"?>
<!-- Generated by org.testng.reporters.JUnitReportReporter -->
<testsuite skipped="0" hostname="yesil-dell" name="test.yeniMalzeme.YeniMalzemeEkleme" tests="1" failures="0" timestamp="12 Eyl 2017 12:04:19 GMT" time="73.148" errors="0">
  <testcase name="test" time="73.148" classname="test.yeniMalzeme.YeniMalzemeEkleme"/>
</testsuite> <!-- test.yeniMalzeme.YeniMalzemeEkleme -->
