<?xml version="1.0" encoding="UTF-8"?>
<!-- Generated by org.testng.reporters.JUnitReportReporter -->
<testsuite skipped="0" hostname="yesil-dell" name="test.talep.YeniTalepTürüEklemeTesti" tests="1" failures="0" timestamp="12 Eyl 2017 12:00:48 GMT" time="58.854" errors="0">
  <testcase name="test" time="58.854" classname="test.talep.YeniTalepTürüEklemeTesti"/>
</testsuite> <!-- test.talep.YeniTalepTürüEklemeTesti -->
