<?xml version="1.0" encoding="UTF-8"?>
<!-- Generated by org.testng.reporters.JUnitReportReporter -->
<testsuite skipped="0" hostname="yesil-dell" name="test.talep.YeniTalepTürüEklemeVeDüzenlemeTesti" tests="1" failures="0" timestamp="12 Eyl 2017 11:34:16 GMT" time="59.684" errors="0">
  <testcase name="test" time="59.684" classname="test.talep.YeniTalepTürüEklemeVeDüzenlemeTesti"/>
</testsuite> <!-- test.talep.YeniTalepTürüEklemeVeDüzenlemeTesti -->
