<?xml version="1.0" encoding="UTF-8"?>
<!-- Generated by org.testng.reporters.JUnitReportReporter -->
<testsuite skipped="0" hostname="yesil-dell" name="test.yeniSMSmetni.SMSMetniOlustur" tests="1" failures="0" timestamp="12 Eyl 2017 12:05:32 GMT" time="60.519" errors="0">
  <testcase name="test" time="60.519" classname="test.yeniSMSmetni.SMSMetniOlustur"/>
</testsuite> <!-- test.yeniSMSmetni.SMSMetniOlustur -->
