<?xml version="1.0" encoding="UTF-8"?>
<!-- Generated by org.testng.reporters.JUnitReportReporter -->
<testsuite skipped="0" hostname="yesil-dell" name="test.gorusme.GorusmeKonusuOlusturmaTesti" tests="1" failures="0" timestamp="12 Eyl 2017 13:10:32 GMT" time="50.639" errors="0">
  <testcase name="test" time="50.639" classname="test.gorusme.GorusmeKonusuOlusturmaTesti"/>
</testsuite> <!-- test.gorusme.GorusmeKonusuOlusturmaTesti -->
