<?xml version="1.0" encoding="UTF-8"?>
<!-- Generated by org.testng.reporters.JUnitReportReporter -->
<testsuite skipped="0" hostname="yesil-dell" name="test.gorusme.GorusmeSekliOlusturmaTesti" tests="1" failures="0" timestamp="12 Eyl 2017 11:54:52 GMT" time="58.768" errors="0">
  <testcase name="test" time="58.768" classname="test.gorusme.GorusmeSekliOlusturmaTesti"/>
</testsuite> <!-- test.gorusme.GorusmeSekliOlusturmaTesti -->
