<?xml version="1.0" encoding="UTF-8"?>
<!-- Generated by org.testng.reporters.JUnitReportReporter -->
<testsuite skipped="0" hostname="yesil-dell" name="test.sinifEkle.YeniSinifEklemeVeDuzenlemeTesti" tests="1" failures="0" timestamp="12 Eyl 2017 11:58:11 GMT" time="71.233" errors="0">
  <testcase name="test" time="71.233" classname="test.sinifEkle.YeniSinifEklemeVeDuzenlemeTesti"/>
</testsuite> <!-- test.sinifEkle.YeniSinifEklemeVeDuzenlemeTesti -->
