<?xml version="1.0" encoding="UTF-8"?>
<!-- Generated by org.testng.reporters.JUnitReportReporter -->
<testsuite skipped="0" hostname="yesil-dell" name="test.kart.KartTuruEklemeTesti" tests="1" failures="0" timestamp="12 Eyl 2017 14:24:14 GMT" time="56.052" errors="0">
  <testcase name="test" time="56.052" classname="test.kart.KartTuruEklemeTesti"/>
</testsuite> <!-- test.kart.KartTuruEklemeTesti -->
