<?xml version="1.0" encoding="UTF-8"?>
<!-- Generated by org.testng.reporters.JUnitReportReporter -->
<testsuite skipped="0" hostname="akizilirmak" name="test.dosya.YeniBireyYakinligiEklemeTesti" tests="1" failures="0" timestamp="14 Eyl 2017 13:25:45 GMT" time="63.427" errors="0">
  <testcase name="test" time="63.427" classname="test.dosya.YeniBireyYakinligiEklemeTesti"/>
</testsuite> <!-- test.dosya.YeniBireyYakinligiEklemeTesti -->
