<?xml version="1.0" encoding="UTF-8"?>
<!-- Generated by org.testng.reporters.JUnitReportReporter -->
<testsuite skipped="0" hostname="akizilirmak" name="test.kalem.OzelKalemNotuOlusturma" tests="1" failures="0" timestamp="14 Eyl 2017 13:31:07 GMT" time="69.961" errors="0">
  <testcase name="test" time="69.961" classname="test.kalem.OzelKalemNotuOlusturma"/>
</testsuite> <!-- test.kalem.OzelKalemNotuOlusturma -->
