<?xml version="1.0" encoding="UTF-8"?>
<!-- Generated by org.testng.reporters.JUnitReportReporter -->
<testsuite skipped="0" hostname="yesil-dell" name="test.kalemNotu.OzelKalemNotuOlusturma" tests="1" failures="0" timestamp="12 Eyl 2017 11:56:34 GMT" time="63.585" errors="0">
  <testcase name="test" time="63.585" classname="test.kalemNotu.OzelKalemNotuOlusturma"/>
</testsuite> <!-- test.kalemNotu.OzelKalemNotuOlusturma -->
