<?xml version="1.0" encoding="UTF-8"?>
<!-- Generated by org.testng.reporters.JUnitReportReporter -->
<testsuite skipped="0" hostname="yesil-dell" name="test.gorusme.BireyGorusmesiOlusturmaTesti" tests="1" failures="0" timestamp="12 Eyl 2017 11:53:37 GMT" time="66.982" errors="0">
  <testcase name="test" time="66.982" classname="test.gorusme.BireyGorusmesiOlusturmaTesti"/>
</testsuite> <!-- test.gorusme.BireyGorusmesiOlusturmaTesti -->
