<?xml version="1.0" encoding="UTF-8"?>
<!-- Generated by org.testng.reporters.JUnitReportReporter -->
<testsuite skipped="0" hostname="yesil-dell" name="test.aktivite.YeniAktiviteSureciTesti" tests="1" failures="0" timestamp="13 Eyl 2017 08:05:51 GMT" time="107.981" errors="0">
  <testcase name="test" time="107.981" classname="test.aktivite.YeniAktiviteSureciTesti"/>
</testsuite> <!-- test.aktivite.YeniAktiviteSureciTesti -->
