<?xml version="1.0" encoding="UTF-8"?>
<!-- Generated by org.testng.reporters.JUnitReportReporter -->
<testsuite skipped="0" hostname="yesil-dell" name="test.yeniKullanici.YeniKullaniciEkleme" tests="1" failures="0" timestamp="12 Eyl 2017 12:02:43 GMT" time="70.274" errors="0">
  <testcase name="test" time="70.274" classname="test.yeniKullanici.YeniKullaniciEkleme"/>
</testsuite> <!-- test.yeniKullanici.YeniKullaniciEkleme -->
