<?xml version="1.0" encoding="UTF-8"?>
<!-- Generated by org.testng.reporters.JUnitReportReporter -->
<testsuite skipped="0" hostname="yesil-dell" name="test.sinifEkle.YeniSinifEklemeTesti" tests="1" failures="0" timestamp="12 Eyl 2017 07:47:47 GMT" time="68.303" errors="0">
  <testcase name="test" time="68.303" classname="test.sinifEkle.YeniSinifEklemeTesti"/>
</testsuite> <!-- test.sinifEkle.YeniSinifEklemeTesti -->
