<?xml version="1.0" encoding="UTF-8"?>
<!-- Generated by org.testng.reporters.JUnitReportReporter -->
<testsuite skipped="0" hostname="yesil-dell" name="test.yardim.YeniBasvuruSekliTesti" tests="1" failures="0" timestamp="13 Eyl 2017 07:45:24 GMT" time="48.633" errors="0">
  <testcase name="test" time="48.633" classname="test.yardim.YeniBasvuruSekliTesti"/>
</testsuite> <!-- test.yardim.YeniBasvuruSekliTesti -->
